<?xml version="1.0" encoding="UTF-8"?>
<!-- Generated by org.testng.reporters.JUnitXMLReporter -->
<testsuite hostname="VKARPENKO" name="Default test" tests="4" failures="0" timestamp="31 Aug 2015 08:51:31 GMT" time="14.015" errors="0">
  <testcase name="testEmptyGroupCreation" time="1.272" classname="com.example.tests.AlsoGroupCreation"/>
  <testcase name="testNonEmptyGroupCreation" time="1.558" classname="com.example.tests.AlsoGroupCreation"/>
  <testcase name="testEmptyGroupCreation" time="0.685" classname="com.example.tests.GroupCreationTests"/>
  <testcase name="testNonEmptyGroupCreation" time="0.754" classname="com.example.tests.GroupCreationTests"/>
</testsuite> <!-- Default test -->
