<?xml version="1.0" encoding="UTF-8"?>
<testng-results skipped="0" failed="0" total="4" passed="4">
  <reporter-output>
  </reporter-output>
  <suite name="Default suite" duration-ms="10419" started-at="2015-08-31T08:30:19Z" finished-at="2015-08-31T08:30:30Z">
    <groups>
    </groups>
    <test name="Default test" duration-ms="10419" started-at="2015-08-31T08:30:19Z" finished-at="2015-08-31T08:30:30Z">
      <class name="com.example.tests.AlsoGroupCreation">
        <test-method status="PASS" signature="setUp()[pri:0, instance:com.example.tests.AlsoGroupCreation@5fe5c6f]" name="setUp" is-config="true" duration-ms="5379" started-at="2015-08-31T11:30:19Z" finished-at="2015-08-31T11:30:25Z">
          <reporter-output>
          </reporter-output>
        </test-method> <!-- setUp -->
        <test-method status="PASS" signature="testEmptyGroupCreation()[pri:0, instance:com.example.tests.AlsoGroupCreation@5fe5c6f]" name="testEmptyGroupCreation" duration-ms="1647" started-at="2015-08-31T11:30:25Z" finished-at="2015-08-31T11:30:26Z">
          <reporter-output>
          </reporter-output>
        </test-method> <!-- testEmptyGroupCreation -->
        <test-method status="PASS" signature="testNonEmptyGroupCreation()[pri:0, instance:com.example.tests.AlsoGroupCreation@5fe5c6f]" name="testNonEmptyGroupCreation" duration-ms="1472" started-at="2015-08-31T11:30:26Z" finished-at="2015-08-31T11:30:28Z">
          <reporter-output>
          </reporter-output>
        </test-method> <!-- testNonEmptyGroupCreation -->
        <test-method status="PASS" signature="tearDown()[pri:0, instance:com.example.tests.AlsoGroupCreation@5fe5c6f]" name="tearDown" is-config="true" duration-ms="421" started-at="2015-08-31T11:30:29Z" finished-at="2015-08-31T11:30:30Z">
          <reporter-output>
          </reporter-output>
        </test-method> <!-- tearDown -->
      </class> <!-- com.example.tests.AlsoGroupCreation -->
      <class name="com.example.tests.GroupCreationTests">
        <test-method status="PASS" signature="testEmptyGroupCreation()[pri:0, instance:com.example.tests.GroupCreationTests@224aed64]" name="testEmptyGroupCreation" duration-ms="708" started-at="2015-08-31T11:30:28Z" finished-at="2015-08-31T11:30:28Z">
          <reporter-output>
          </reporter-output>
        </test-method> <!-- testEmptyGroupCreation -->
        <test-method status="PASS" signature="testNonEmptyGroupCreation()[pri:0, instance:com.example.tests.GroupCreationTests@224aed64]" name="testNonEmptyGroupCreation" duration-ms="782" started-at="2015-08-31T11:30:28Z" finished-at="2015-08-31T11:30:29Z">
          <reporter-output>
          </reporter-output>
        </test-method> <!-- testNonEmptyGroupCreation -->
      </class> <!-- com.example.tests.GroupCreationTests -->
    </test> <!-- Default test -->
  </suite> <!-- Default suite -->
</testng-results>
