<?xml version="1.0" encoding="UTF-8"?>
<testng-results skipped="0" failed="0" total="4" passed="4">
  <reporter-output>
  </reporter-output>
  <suite name="Default suite" duration-ms="14015" started-at="2015-08-31T08:51:17Z" finished-at="2015-08-31T08:51:31Z">
    <groups>
    </groups>
    <test name="Default test" duration-ms="14015" started-at="2015-08-31T08:51:17Z" finished-at="2015-08-31T08:51:31Z">
      <class name="com.example.tests.AlsoGroupCreation">
        <test-method status="PASS" signature="testEmptyGroupCreation()[pri:0, instance:com.example.tests.AlsoGroupCreation@387c703b]" name="testEmptyGroupCreation" duration-ms="1272" started-at="2015-08-31T11:51:26Z" finished-at="2015-08-31T11:51:27Z">
          <reporter-output>
          </reporter-output>
        </test-method> <!-- testEmptyGroupCreation -->
        <test-method status="PASS" signature="testNonEmptyGroupCreation()[pri:0, instance:com.example.tests.AlsoGroupCreation@387c703b]" name="testNonEmptyGroupCreation" duration-ms="1558" started-at="2015-08-31T11:51:27Z" finished-at="2015-08-31T11:51:29Z">
          <reporter-output>
          </reporter-output>
        </test-method> <!-- testNonEmptyGroupCreation -->
      </class> <!-- com.example.tests.AlsoGroupCreation -->
      <class name="com.example.tests.TestBase">
        <test-method status="PASS" signature="setUp()[pri:0, instance:com.example.tests.TestBase@22a71081]" name="setUp" is-config="true" duration-ms="9148" started-at="2015-08-31T11:51:17Z" finished-at="2015-08-31T11:51:26Z">
          <reporter-output>
          </reporter-output>
        </test-method> <!-- setUp -->
        <test-method status="PASS" signature="tearDown()[pri:0, instance:com.example.tests.TestBase@22a71081]" name="tearDown" is-config="true" duration-ms="586" started-at="2015-08-31T11:51:30Z" finished-at="2015-08-31T11:51:31Z">
          <reporter-output>
          </reporter-output>
        </test-method> <!-- tearDown -->
      </class> <!-- com.example.tests.TestBase -->
      <class name="com.example.tests.GroupCreationTests">
        <test-method status="PASS" signature="testEmptyGroupCreation()[pri:0, instance:com.example.tests.GroupCreationTests@224aed64]" name="testEmptyGroupCreation" duration-ms="685" started-at="2015-08-31T11:51:29Z" finished-at="2015-08-31T11:51:29Z">
          <reporter-output>
          </reporter-output>
        </test-method> <!-- testEmptyGroupCreation -->
        <test-method status="PASS" signature="testNonEmptyGroupCreation()[pri:0, instance:com.example.tests.GroupCreationTests@224aed64]" name="testNonEmptyGroupCreation" duration-ms="754" started-at="2015-08-31T11:51:29Z" finished-at="2015-08-31T11:51:30Z">
          <reporter-output>
          </reporter-output>
        </test-method> <!-- testNonEmptyGroupCreation -->
      </class> <!-- com.example.tests.GroupCreationTests -->
    </test> <!-- Default test -->
  </suite> <!-- Default suite -->
</testng-results>
